빌드 시작: 2022-09-30 오전 10:49:54
     1>2 노드의 "D:\CT_RCPTT\RT_SampleCode\C\VisualStudio\PopPad3_vs2010\vs2010_poppad\vs2010_poppad\vs2010_poppad.vcxproj" 프로젝트(rebuild 대상)입니다.
     1>PrepareForBuild:
         "D:\CT_RCPTT\RT_SampleCode\C\VisualStudio\PopPad3_vs2010\vs2010_poppad\Release\" 디렉터리를 만들고 있습니다.
       InitializeBuildStatus:
         "AlwaysCreate"이(가) 지정되었기 때문에 "Release\vs2010_poppad.unsuccessfulbuild"을(를) 만들고 있습니다.
       ClCompile:
         c:\Program Files (x86)\Microsoft Visual Studio 10.0\VC\bin\CL.exe /c /Zi /nologo /W3 /WX- /O2 /Oi /Oy- /GL /D _MBCS /Gm- /EHsc /MD /GS /Gy /fp:precise /Zc:wchar_t /Zc:forScope /Fo"Release\\" /Fd"Release\vc100.pdb" /Gd /TC /analyze- /errorReport:prompt ..\PopFile.c ..\PopFind.c ..\PopFont.c ..\PopPad.c ..\PopPrnt0.c
         PopFile.c
         PopFind.c
         PopFont.c
         PopPad.c
         PopPrnt0.c
       ResourceCompile:
         c:\Program Files (x86)\Microsoft SDKs\Windows\v7.0A\bin\rc.exe /l"0x0409" /nologo /fo"Release\POPPAD.res" ..\POPPAD.RC 
       Link:
         c:\Program Files (x86)\Microsoft Visual Studio 10.0\VC\bin\link.exe /ERRORREPORT:PROMPT /OUT:"D:\CT_RCPTT\RT_SampleCode\C\VisualStudio\PopPad3_vs2010\vs2010_poppad\Release\vs2010_poppad.exe" /NOLOGO kernel32.lib user32.lib gdi32.lib winspool.lib comdlg32.lib advapi32.lib shell32.lib ole32.lib oleaut32.lib uuid.lib odbc32.lib odbccp32.lib /MANIFEST /ManifestFile:"Release\vs2010_poppad.exe.intermediate.manifest" /MANIFESTUAC:"level='asInvoker' uiAccess='false'" /DEBUG /PDB:"D:\CT_RCPTT\RT_SampleCode\C\VisualStudio\PopPad3_vs2010\vs2010_poppad\Release\vs2010_poppad.pdb" /OPT:REF /OPT:ICF /LTCG /TLBID:1 /DYNAMICBASE /NXCOMPAT /IMPLIB:"D:\CT_RCPTT\RT_SampleCode\C\VisualStudio\PopPad3_vs2010\vs2010_poppad\Release\vs2010_poppad.lib" /MACHINE:X86 Release\POPPAD.res
         Release\PopFile.obj
         Release\PopFind.obj
         Release\PopFont.obj
         Release\PopPad.obj
         Release\PopPrnt0.obj
         코드를 생성하고 있습니다.
         코드를 생성했습니다.
         vs2010_poppad.vcxproj -> D:\CT_RCPTT\RT_SampleCode\C\VisualStudio\PopPad3_vs2010\vs2010_poppad\Release\vs2010_poppad.exe
       Manifest:
         c:\Program Files (x86)\Microsoft SDKs\Windows\v7.0A\bin\mt.exe /nologo /verbose /outputresource:"D:\CT_RCPTT\RT_SampleCode\C\VisualStudio\PopPad3_vs2010\vs2010_poppad\Release\vs2010_poppad.exe;#1" /manifest Debug\vs2010_poppad.exe.intermediate.manifest Release\vs2010_poppad.exe.intermediate.manifest
         
     1>Debug\vs2010_poppad.exe.intermediate.manifest : general error c1010070: Failed to load and parse the manifest. @ =\| >D  F5Hd.
         
     1>"D:\CT_RCPTT\RT_SampleCode\C\VisualStudio\PopPad3_vs2010\vs2010_poppad\vs2010_poppad\vs2010_poppad.vcxproj" 프로젝트를 빌드했습니다(rebuild 대상). - 실패

빌드하지 못했습니다.

경과 시간: 00:00:00.96
