빌드 시작: 2022-09-30 오전 11:13:19
     1>2 노드의 "D:\CT_RCPTT\RT_SampleCode\C\VisualStudio\miro_vs2010\vs2010_miro.vcxproj" 프로젝트(build 대상)입니다.
     1>InitializeBuildStatus:
         "AlwaysCreate"이(가) 지정되었기 때문에 "Debug\vs2010_miro.unsuccessfulbuild"을(를) 만들고 있습니다.
       ClCompile:
         c:\Program Files (x86)\Microsoft Visual Studio 10.0\VC\bin\CL.exe /c /Zi /nologo /W3 /WX- /Od /Oy- /D WIN32 /D _DEBUG /D _WINDOWS /D _ATL_STATIC_REGISTRY /D _AFXDLL /Gm /EHsc /RTC1 /MDd /GS /fp:precise /Zc:wchar_t /Zc:forScope /Fo"Debug\\" /Fd"Debug\vc100.pdb" /Gd /TC /analyze- /errorReport:prompt miro_fun.c miro_fun2.c QS_fun.c Q_S.c
         Q_S.c
         QS_fun.c
         miro_fun2.c
         miro_fun.c
         코드를 생성하고 있습니다...
       ManifestResourceCompile:
         c:\Program Files (x86)\Microsoft SDKs\Windows\v7.0A\bin\rc.exe /nologo /fo"Debug\vs2010_miro.exe.embed.manifest.res" Debug\vs2010_miro_manifest.rc 
       Link:
         c:\Program Files (x86)\Microsoft Visual Studio 10.0\VC\bin\link.exe /ERRORREPORT:PROMPT /OUT:"D:\CT_RCPTT\RT_SampleCode\C\VisualStudio\miro_vs2010\Debug\vs2010_miro.exe" /INCREMENTAL /NOLOGO /MANIFEST /ManifestFile:"Debug\vs2010_miro.exe.intermediate.manifest" /MANIFESTUAC:"level='asInvoker' uiAccess='false'" /DEBUG /PDB:"D:\CT_RCPTT\RT_SampleCode\C\VisualStudio\miro_vs2010\Debug\vs2010_miro.pdb" /SUBSYSTEM:CONSOLE /TLBID:1 /DYNAMICBASE /NXCOMPAT /IMPLIB:"D:\CT_RCPTT\RT_SampleCode\C\VisualStudio\miro_vs2010\Debug\vs2010_miro.lib" /MACHINE:X86 Debug\vs2010_miro.exe.embed.manifest.res
         Debug\miro_fun.obj
         Debug\miro_fun2.obj
         Debug\QS_fun.obj
         Debug\Q_S.obj
       Manifest:
         c:\Program Files (x86)\Microsoft SDKs\Windows\v7.0A\bin\mt.exe /nologo /verbose /out:"Debug\vs2010_miro.exe.embed.manifest" /manifest Debug\vs2010_miro.exe.intermediate.manifest "c:\Program Files (x86)\Microsoft Visual Studio 10.0\VC\Include\Manifest\dpiaware.manifest"
         c:\Program Files (x86)\Microsoft SDKs\Windows\v7.0A\bin\rc.exe /nologo /fo"Debug\vs2010_miro.exe.embed.manifest.res" Debug\vs2010_miro_manifest.rc 
       LinkEmbedManifest:
         c:\Program Files (x86)\Microsoft Visual Studio 10.0\VC\bin\link.exe /ERRORREPORT:PROMPT /OUT:"D:\CT_RCPTT\RT_SampleCode\C\VisualStudio\miro_vs2010\Debug\vs2010_miro.exe" /INCREMENTAL /NOLOGO /MANIFEST /ManifestFile:"Debug\vs2010_miro.exe.intermediate.manifest" /MANIFESTUAC:"level='asInvoker' uiAccess='false'" /DEBUG /PDB:"D:\CT_RCPTT\RT_SampleCode\C\VisualStudio\miro_vs2010\Debug\vs2010_miro.pdb" /SUBSYSTEM:CONSOLE /TLBID:1 /DYNAMICBASE /NXCOMPAT /IMPLIB:"D:\CT_RCPTT\RT_SampleCode\C\VisualStudio\miro_vs2010\Debug\vs2010_miro.lib" /MACHINE:X86 Debug\vs2010_miro.exe.embed.manifest.res
         Debug\miro_fun.obj
         Debug\miro_fun2.obj
         Debug\QS_fun.obj
         Debug\Q_S.obj
         vs2010_miro.vcxproj -> D:\CT_RCPTT\RT_SampleCode\C\VisualStudio\miro_vs2010\Debug\vs2010_miro.exe
       FinalizeBuildStatus:
         "Debug\vs2010_miro.unsuccessfulbuild" 파일을 삭제하고 있습니다.
         "Debug\vs2010_miro.lastbuildstate"에 연결(touching)하고 있습니다.
     1>"D:\CT_RCPTT\RT_SampleCode\C\VisualStudio\miro_vs2010\vs2010_miro.vcxproj" 프로젝트를 빌드했습니다(build 대상).

빌드했습니다.

경과 시간: 00:00:00.62
